\BOOKMARK [1][-]{section.1}{Li n\363i u}{}% 1
\BOOKMARK [1][-]{section.2}{Khao s\341t hin trang v\340 x\341c inh y\352u cu}{}% 2
\BOOKMARK [2][-]{subsection.2.1}{Nhu cu thc t v\340 hin trang}{section.2}% 3
\BOOKMARK [1][-]{section.3}{\320c ta y\352u cu}{}% 4
\BOOKMARK [2][-]{subsection.3.1}{Y\352u cu chc nang}{section.3}% 5
\BOOKMARK [2][-]{subsection.3.2}{Y\352u cu phi chc nang}{section.3}% 6
\BOOKMARK [1][-]{section.4}{Thit k giao din}{}% 7
\BOOKMARK [2][-]{subsection.4.1}{Danh s\341ch c\341c m\340n h\354nh}{section.4}% 8
\BOOKMARK [2][-]{subsection.4.2}{S \040c\341c m\340n h\354nh}{section.4}% 9
\BOOKMARK [2][-]{subsection.4.3}{M\364 ta chi tit c\341c m\340n h\354nh}{section.4}% 10
\BOOKMARK [1][-]{section.5}{Thit k d liu}{}% 11
\BOOKMARK [2][-]{subsection.5.1}{Thit k d liu}{section.5}% 12
\BOOKMARK [2][-]{subsection.5.2}{M\364 h\354nh vt l\375}{section.5}% 13
\BOOKMARK [1][-]{section.6}{M\364 h\354nh v\340 thit k x l\375}{}% 14
\BOOKMARK [2][-]{subsection.6.1}{Danh s\341ch c\341c h\340m x l\375}{section.6}% 15
\BOOKMARK [2][-]{subsection.6.2}{M\364 ta chi tit c\341c x l\375}{section.6}% 16
\BOOKMARK [1][-]{section.7}{K hoach lp tr\354nh v\340 kim th n vi}{}% 17
\BOOKMARK [2][-]{subsection.7.1}{M\364i trng lp tr\354nh}{section.7}% 18
\BOOKMARK [2][-]{subsection.7.2}{Phng ph\341p lp tr\354nh}{section.7}% 19
\BOOKMARK [2][-]{subsection.7.3}{T chc kin tr\372c chng tr\354nh}{section.7}% 20
\BOOKMARK [2][-]{subsection.7.4}{Quan l\375 version}{section.7}% 21
\BOOKMARK [2][-]{subsection.7.5}{Chun vit m\343}{section.7}% 22
\BOOKMARK [2][-]{subsection.7.6}{Kim th}{section.7}% 23
\BOOKMARK [1][-]{section.8}{Kt lun}{}% 24
